<?xml version="1.0" encoding="UTF-8"?>
<!-- Generated by org.testng.reporters.JUnitXMLReporter -->
<testsuite hostname="DESKTOP-UQ2CK4Q" ignored="0" name="Test" tests="7" failures="1" timestamp="21 Aug 2018 18:16:26 GMT" time="0.141" errors="0">
  <testcase name="test1" time="0.015" classname="com.TestingGharPe.Testing1"/>
  <testcase name="test2" time="0.005" classname="com.TestingGharPe.Testing1"/>
  <testcase name="test3" time="0.003" classname="com.TestingGharPe.Testing2"/>
  <testcase name="test4" time="0.003" classname="com.TestingGharPe.Testing2"/>
  <testcase name="test6" time="0.011" classname="com.TestingGharPe.Testing3">
    <failure type="java.lang.AssertionError" message="expected [abc] but found [abc1]">
      <![CDATA[java.lang.AssertionError: expected [abc] but found [abc1]
at com.TestingGharPe.Testing3.test6(Testing3.java:15)
... Removed 31 stack frames]]>
    </failure>
  </testcase> <!-- test6 -->
  <testcase name="test7" time="0.0" classname="com.TestingGharPe.Testing3">
    <skipped/>
  </testcase> <!-- test7 -->
  <testcase name="test8" time="0.001" classname="com.TestingGharPe.Testing3">
    <skipped/>
  </testcase> <!-- test8 -->
</testsuite> <!-- Test -->
